<?xml version="1.0" encoding="UTF-8"?>
<!-- Generated by org.testng.reporters.JUnitReportReporter -->
<testsuite hostname="DESKTOP-DCIEVRK" failures="0" tests="1" name="seleniumUITests.SampleTest" time="3.071" errors="0" timestamp="2023-04-05T08:03:43 IST" skipped="0">
  <testcase classname="seleniumUITests.SampleTest" name="typeSomething" time="3.071"/>
  <system-out/>
</testsuite> <!-- seleniumUITests.SampleTest -->
